<?xml version="1.0" encoding="UTF-8"?>
<!-- Generated by org.testng.reporters.JUnitReportReporter -->
<testsuite skipped="1" hostname="DESKTOP-947DOM6" name="Automation.LoginNavigation" tests="3" failures="0" timestamp="2020-10-20T14:23:12 PDT" time="14.663" errors="0">
  <testcase name="login" time="6.187" classname="Automation.LoginNavigation"/>
  <system-out/>
  <testcase name="privatePolicyNavigation" time="8.476" classname="Automation.LoginNavigation"/>
  <system-out/>
  <testcase name="termsAndCondNavigation" classname="Automation.LoginNavigation">
    <skipped/>
  </testcase> <!-- termsAndCondNavigation -->
  <system-out/>
</testsuite> <!-- Automation.LoginNavigation -->
