<?xml version="1.0" encoding="UTF-8"?>
<!-- Generated by org.testng.reporters.JUnitReportReporter -->
<testsuite skipped="0" hostname="DESKTOP-947DOM6" name="Automation.TravelinfoNavigation" tests="3" failures="0" timestamp="2020-10-15T14:23:07 PDT" time="7.961" errors="0">
  <testcase name="numOfTravelLinks" time="0.814" classname="Automation.TravelinfoNavigation"/>
  <system-out/>
  <testcase name="planesLinkNavigation" time="3.794" classname="Automation.TravelinfoNavigation"/>
  <system-out/>
  <testcase name="checkInNavigation" time="3.353" classname="Automation.TravelinfoNavigation"/>
  <system-out/>
</testsuite> <!-- Automation.TravelinfoNavigation -->
