<?xml version="1.0" encoding="UTF-8"?>
<!-- Generated by org.testng.reporters.JUnitReportReporter -->
<testsuite skipped="0" hostname="DESKTOP-947DOM6" name="Automation.TravelplanesNavigation" tests="1" failures="0" timestamp="2020-10-08T12:09:46 PDT" time="4.409" errors="0">
  <testcase name="printingTableRecord" time="4.409" classname="Automation.TravelplanesNavigation"/>
  <system-out/>
</testsuite> <!-- Automation.TravelplanesNavigation -->
