<?xml version="1.0" encoding="UTF-8"?>
<!-- Generated by org.testng.reporters.JUnitReportReporter -->
<testsuite skipped="0" hostname="DESKTOP-947DOM6" name="Automation.CheckinpageNavigation" tests="2" failures="0" timestamp="2020-10-15T12:24:50 PDT" time="9.597" errors="0">
  <testcase name="checkInInfo" time="8.310" classname="Automation.CheckinpageNavigation"/>
  <system-out/>
  <testcase name="headerPrint" time="1.287" classname="Automation.CheckinpageNavigation"/>
  <system-out/>
</testsuite> <!-- Automation.CheckinpageNavigation -->
