<?xml version="1.0" encoding="UTF-8"?>
<!-- Generated by org.testng.reporters.JUnitReportReporter -->
<testsuite skipped="0" hostname="DESKTOP-947DOM6" name="Automation.CheckinpageNavigation" tests="2" failures="0" timestamp="2020-10-14T17:15:29 PDT" time="11.880" errors="0">
  <testcase name="headerPrint" time="2.025" classname="Automation.CheckinpageNavigation"/>
  <system-out/>
  <testcase name="checkInInfo" time="9.855" classname="Automation.CheckinpageNavigation"/>
  <system-out/>
</testsuite> <!-- Automation.CheckinpageNavigation -->
