<?xml version="1.0" encoding="UTF-8"?>
<!-- Generated by org.testng.reporters.JUnitReportReporter -->
<testsuite skipped="0" hostname="DESKTOP-947DOM6" name="Automation.TravelinfoNavigation" tests="1" failures="0" timestamp="2020-10-06T10:46:10 PDT" time="0.180" errors="0">
  <testcase name="numOfTravelLinks" time="0.180" classname="Automation.TravelinfoNavigation"/>
  <system-out/>
</testsuite> <!-- Automation.TravelinfoNavigation -->
