<?xml version="1.0" encoding="UTF-8"?>
<!-- Generated by org.testng.reporters.JUnitReportReporter -->
<testsuite skipped="0" hostname="DESKTOP-947DOM6" name="Automation.LoginNavigation" tests="1" failures="0" timestamp="2020-10-14T17:15:29 PDT" time="10.137" errors="0">
  <testcase name="login" time="10.137" classname="Automation.LoginNavigation"/>
  <system-out/>
</testsuite> <!-- Automation.LoginNavigation -->
