<?xml version="1.0" encoding="UTF-8"?>
<!-- Generated by org.testng.reporters.JUnitReportReporter -->
<testsuite skipped="0" hostname="DESKTOP-947DOM6" name="Automation.TravelplanesNavigation" tests="1" failures="0" timestamp="2020-10-06T10:46:10 PDT" time="3.341" errors="0">
  <testcase name="printingTableRecord" time="3.341" classname="Automation.TravelplanesNavigation"/>
  <system-out/>
</testsuite> <!-- Automation.TravelplanesNavigation -->
